<?xml version="1.0" encoding="UTF-8"?>
<testng-results skipped="0" failed="0" total="1" passed="1">
  <reporter-output>
  </reporter-output>
  <suite name="Default suite" duration-ms="437" started-at="2016-11-05T23:54:21Z" finished-at="2016-11-05T23:54:22Z">
    <groups>
    </groups>
    <test name="Default test" duration-ms="437" started-at="2016-11-05T23:54:21Z" finished-at="2016-11-05T23:54:22Z">
      <class name="com.sqa.rg.data.DataTest">
        <test-method status="PASS" signature="testDatabase()[pri:0, instance:com.sqa.rg.data.DataTest@3a2371c0]" name="testDatabase" duration-ms="404" started-at="2016-11-05T19:54:21Z" finished-at="2016-11-05T19:54:22Z">
          <reporter-output>
          </reporter-output>
        </test-method> <!-- testDatabase -->
      </class> <!-- com.sqa.rg.data.DataTest -->
    </test> <!-- Default test -->
  </suite> <!-- Default suite -->
</testng-results>
